<?xml version="1.0" encoding="UTF-8"?>
<testng-results ignored="0" total="1" passed="1" failed="0" skipped="0">
  <reporter-output>
  </reporter-output>
  <suite started-at="2023-08-19T12:13:07 IST" name="Default suite" finished-at="2023-08-19T12:14:33 IST" duration-ms="85962">
    <groups>
    </groups>
    <test started-at="2023-08-19T12:13:07 IST" name="Default test" finished-at="2023-08-19T12:14:33 IST" duration-ms="85962">
      <class name="com.nopcommerce.testlayer.RegisterPageTest">
        <test-method is-config="true" signature="setUp()[pri:0, instance:com.nopcommerce.testlayer.RegisterPageTest@3e92efc3]" started-at="2023-08-19T12:13:07 IST" name="setUp" finished-at="2023-08-19T12:14:21 IST" duration-ms="73325" status="PASS">
          <reporter-output>
          </reporter-output>
        </test-method> <!-- setUp -->
        <test-method signature="verifyTheRegisterPageFunctionality()[pri:0, instance:com.nopcommerce.testlayer.RegisterPageTest@3e92efc3]" started-at="2023-08-19T12:14:21 IST" name="verifyTheRegisterPageFunctionality" finished-at="2023-08-19T12:14:33 IST" duration-ms="12211" status="PASS">
          <reporter-output>
          </reporter-output>
        </test-method> <!-- verifyTheRegisterPageFunctionality -->
        <test-method is-config="true" signature="tearDown()[pri:0, instance:com.nopcommerce.testlayer.RegisterPageTest@3e92efc3]" started-at="2023-08-19T12:14:33 IST" name="tearDown" finished-at="2023-08-19T12:14:33 IST" duration-ms="340" status="PASS">
          <reporter-output>
          </reporter-output>
        </test-method> <!-- tearDown -->
      </class> <!-- com.nopcommerce.testlayer.RegisterPageTest -->
    </test> <!-- Default test -->
  </suite> <!-- Default suite -->
</testng-results>
